[0925/142128.631:INFO:CONSOLE(115)] "Event handler of 'x-storagemutated-1' event must be added on the initial evaluation of worker script.", source: https://static.whatsapp.net/rsrc.php/v4/yf/r/Wx39I6lSJ5m.js (115)
[0925/142131.634:INFO:CONSOLE(0)] "Error with Permissions-Policy header: Feature xr-spatial-tracking's parameters are ignored.", source:  (0)
[0925/142131.635:INFO:CONSOLE(0)] "Error with Permissions-Policy header: Origin trial controlled feature not enabled: 'attribution-reporting'.", source:  (0)
[0925/142131.635:INFO:CONSOLE(0)] "Error with Permissions-Policy header: Unrecognized feature: 'compute-pressure'.", source:  (0)
[0925/142131.635:INFO:CONSOLE(0)] "Error with Permissions-Policy header: Origin trial controlled feature not enabled: 'interest-cohort'.", source:  (0)
[0925/142131.636:INFO:CONSOLE(0)] "Error with Permissions-Policy header: Unrecognized feature: 'private-state-token-issuance'.", source:  (0)
[0925/142131.636:INFO:CONSOLE(0)] "Error with Permissions-Policy header: Origin trial controlled feature not enabled: 'shared-storage'.", source:  (0)
[0925/142131.636:INFO:CONSOLE(0)] "Error with Permissions-Policy header: Unrecognized feature: 'shared-storage-select-url'.", source:  (0)
[0925/142131.636:INFO:CONSOLE(0)] "Error with Permissions-Policy header: Unrecognized feature: 'private-state-token-redemption'.", source:  (0)
[0925/142131.636:INFO:CONSOLE(0)] "Error with Permissions-Policy header: Unrecognized feature: 'unload'.", source:  (0)
[0925/142131.636:INFO:CONSOLE(0)] "Error with Permissions-Policy header: Unrecognized feature: 'window-management'.", source:  (0)
[0925/142131.636:INFO:CONSOLE(0)] "Document-Policy HTTP header: Unrecognized document policy feature name include-js-call-stacks-in-crash-reports.", source: https://web.whatsapp.com/ (0)
[0925/142135.071:INFO:CONSOLE(115)] "Event handler of 'x-storagemutated-1' event must be added on the initial evaluation of worker script.", source: https://static.whatsapp.net/rsrc.php/v4/yp/r/nbNcBr5dvDh.js (115)
[0925/154156.587:INFO:CONSOLE(115)] "Event handler of 'x-storagemutated-1' event must be added on the initial evaluation of worker script.", source: https://static.whatsapp.net/rsrc.php/v4/yp/r/nbNcBr5dvDh.js (115)
[0925/154204.690:WARNING:dns_config_service_win.cc(584)] Failed to read DnsConfig.
[0925/161815.626:INFO:CONSOLE(115)] "Event handler of 'x-storagemutated-1' event must be added on the initial evaluation of worker script.", source: https://static.whatsapp.net/rsrc.php/v4/yp/r/nbNcBr5dvDh.js (115)
[0925/162802.452:INFO:CONSOLE(905)] "Failed to parse video contentType: video/mp4; codecs=avc1.42000a", source: https://static.whatsapp.net/rsrc.php/v4iKzo4/y_/l/id_ID-j/XqzJjKAUldS.js (905)
[0925/162802.452:INFO:CONSOLE(905)] "Failed to parse video contentType: video/mp4; codecs=hev1.1.6.L93.B0", source: https://static.whatsapp.net/rsrc.php/v4iKzo4/y_/l/id_ID-j/XqzJjKAUldS.js (905)
[0925/162803.281:INFO:CONSOLE(115)] "Event handler of 'x-storagemutated-1' event must be added on the initial evaluation of worker script.", source: https://static.whatsapp.net/rsrc.php/v4/yp/r/nbNcBr5dvDh.js (115)
[0925/162811.519:ERROR:ssl_client_socket_impl.cc(982)] handshake failed; returned -1, SSL error code 1, net_error -200
[0925/162818.977:ERROR:ssl_client_socket_impl.cc(982)] handshake failed; returned -1, SSL error code 1, net_error -200
[0925/162832.882:ERROR:ssl_client_socket_impl.cc(982)] handshake failed; returned -1, SSL error code 1, net_error -200
[0925/162833.829:ERROR:ssl_client_socket_impl.cc(982)] handshake failed; returned -1, SSL error code 1, net_error -200
[0925/162844.694:ERROR:ssl_client_socket_impl.cc(982)] handshake failed; returned -1, SSL error code 1, net_error -200
[0925/162844.979:ERROR:ssl_client_socket_impl.cc(982)] handshake failed; returned -1, SSL error code 1, net_error -200
[0925/162850.596:ERROR:ssl_client_socket_impl.cc(982)] handshake failed; returned -1, SSL error code 1, net_error -200
[0925/162853.913:ERROR:ssl_client_socket_impl.cc(982)] handshake failed; returned -1, SSL error code 1, net_error -200
